#
# There is insufficient memory for the Java Runtime Environment to continue.
# Native memory allocation (mmap) failed to map 65536 bytes for Failed to commit area from 0x000001b2d0790000 to 0x000001b2d07a0000 of length 65536.
# Possible reasons:
#   The system is out of physical RAM or swap space
#   The process is running with CompressedOops enabled, and the Java Heap may be blocking the growth of the native heap
# Possible solutions:
#   Reduce memory load on the system
#   Increase physical memory or swap space
#   Check if swap backing store is full
#   Decrease Java heap size (-Xmx/-Xms)
#   Decrease number of Java threads
#   Decrease Java thread stack sizes (-Xss)
#   Set larger code cache with -XX:ReservedCodeCacheSize=
# This output file may be truncated or incomplete.
#
#  Out of Memory Error (./src/hotspot/os/windows/os_windows.cpp:3386), pid=1528, tid=8968
#
# JRE version:  (11.0.18+10) (build )
# Java VM: OpenJDK 64-Bit Server VM (11.0.18+10-LTS, mixed mode, sharing, tiered, compressed oops, g1 gc, windows-amd64)
# No core dump will be written. Minidumps are not enabled by default on client versions of Windows
#

---------------  S U M M A R Y ------------

Command Line: -Xverify:none -XX:TieredStopAtLevel=1 com.example.catalogservice.CatalogServiceApplication

Host: AMD Ryzen 5 5600X 6-Core Processor             , 12 cores, 31G,  Windows 10 , 64 bit Build 19041 (10.0.19041.3155)
Time: Fri Jul 28 22:22:10 2023  Windows 10 , 64 bit Build 19041 (10.0.19041.3155) elapsed time: 0.013992 seconds (0d 0h 0m 0s)

---------------  T H R E A D  ---------------

Current thread (0x000001b2b53ad800):  JavaThread "Unknown thread" [_thread_in_vm, id=8968, stack(0x0000000230a00000,0x0000000230b00000)]

Stack: [0x0000000230a00000,0x0000000230b00000]
Native frames: (J=compiled Java code, j=interpreted, Vv=VM code, C=native code)
V  [jvm.dll+0x62bdca]
V  [jvm.dll+0x7b9bc9]
V  [jvm.dll+0x7bb2b8]
V  [jvm.dll+0x7bb993]
V  [jvm.dll+0x253258]
V  [jvm.dll+0x6290ca]
V  [jvm.dll+0x61d685]
V  [jvm.dll+0x30e45c]
V  [jvm.dll+0x30e2e2]
V  [jvm.dll+0x313110]
V  [jvm.dll+0x35ab62]
V  [jvm.dll+0x35a580]
V  [jvm.dll+0x2eac58]
V  [jvm.dll+0x2ebdb6]
V  [jvm.dll+0x793b77]
V  [jvm.dll+0x795301]
V  [jvm.dll+0x367989]
V  [jvm.dll+0x776a10]
V  [jvm.dll+0x3d94df]
V  [jvm.dll+0x3db871]
C  [jli.dll+0x5207]
C  [ucrtbase.dll+0x21bb2]
C  [KERNEL32.DLL+0x17614]
C  [ntdll.dll+0x526b1]


---------------  P R O C E S S  ---------------

Threads class SMR info:
_java_thread_list=0x000001b2b322e770, length=0, elements={
}

Java Threads: ( => current thread )

Other Threads:
  0x000001b2b53c5800 GCTaskThread "GC Thread#0" [stack: 0x0000000230b00000,0x0000000230c00000] [id=25768]
  0x000001b2b544a800 ConcurrentGCThread "G1 Main Marker" [stack: 0x0000000230c00000,0x0000000230d00000] [id=14224]
  0x000001b2b544c000 ConcurrentGCThread "G1 Conc#0" [stack: 0x0000000230d00000,0x0000000230e00000] [id=4920]

[error occurred during error reporting (printing all threads), id 0xc0000005, EXCEPTION_ACCESS_VIOLATION (0xc0000005) at pc=0x00007ff98db6aa87]

VM state:not at safepoint (not fully initialized)

VM Mutex/Monitor currently owned by a thread:  ([mutex/lock_event])
[0x000001b2b53a9860] Heap_lock - owner thread: 0x000001b2b53ad800

Heap address: 0x0000000601200000, size: 8174 MB, Compressed Oops mode: Non-zero based: 0x0000000601200000
Narrow klass base: 0x0000000000000000, Narrow klass shift: 0

GC Heap History (0 events):
No events

Deoptimization events (0 events):
No events

Classes redefined (0 events):
No events

Internal exceptions (0 events):
No events

Events (1 events):
Event: 0.009 Loaded shared library C:\Program Files\Zulu\zulu-11\bin\zip.dll


Dynamic libraries:
0x00007ff689bc0000 - 0x00007ff689bcd000 	C:\Program Files\Zulu\zulu-11\bin\java.exe
0x00007ff9c4b70000 - 0x00007ff9c4d68000 	C:\Windows\SYSTEM32\ntdll.dll
0x00007ff9c34c0000 - 0x00007ff9c357f000 	C:\Windows\System32\KERNEL32.DLL
0x00007ff9c2660000 - 0x00007ff9c2956000 	C:\Windows\System32\KERNELBASE.dll
0x00007ff9c2ad0000 - 0x00007ff9c2bd0000 	C:\Windows\System32\ucrtbase.dll
0x00007ff9be040000 - 0x00007ff9be055000 	C:\Program Files\Zulu\zulu-11\bin\VCRUNTIME140.dll
0x00007ff9b70b0000 - 0x00007ff9b70c7000 	C:\Program Files\Zulu\zulu-11\bin\jli.dll
0x00007ff9c4330000 - 0x00007ff9c44cd000 	C:\Windows\System32\USER32.dll
0x00007ff9c2a30000 - 0x00007ff9c2a52000 	C:\Windows\System32\win32u.dll
0x00007ff9c4720000 - 0x00007ff9c474c000 	C:\Windows\System32\GDI32.dll
0x00007ff9ab210000 - 0x00007ff9ab4aa000 	C:\Windows\WinSxS\amd64_microsoft.windows.common-controls_6595b64144ccf1df_6.0.19041.1110_none_60b5254171f9507e\COMCTL32.dll
0x00007ff9c2250000 - 0x00007ff9c2365000 	C:\Windows\System32\gdi32full.dll
0x00007ff9c3580000 - 0x00007ff9c361e000 	C:\Windows\System32\msvcrt.dll
0x00007ff9c2960000 - 0x00007ff9c29fd000 	C:\Windows\System32\msvcp_win.dll
0x00007ff9c3490000 - 0x00007ff9c34c0000 	C:\Windows\System32\IMM32.DLL
0x00007ff9b31c0000 - 0x00007ff9b325b000 	C:\Program Files\Zulu\zulu-11\bin\msvcp140.dll
0x00007ff98d870000 - 0x00007ff98e406000 	C:\Program Files\Zulu\zulu-11\bin\server\jvm.dll
0x00007ff9c4220000 - 0x00007ff9c42cf000 	C:\Windows\System32\ADVAPI32.dll
0x00007ff9c4870000 - 0x00007ff9c490c000 	C:\Windows\System32\sechost.dll
0x00007ff9c3680000 - 0x00007ff9c37a6000 	C:\Windows\System32\RPCRT4.dll
0x00007ff9c4750000 - 0x00007ff9c4758000 	C:\Windows\System32\PSAPI.DLL
0x00007ff9b9040000 - 0x00007ff9b9067000 	C:\Windows\SYSTEM32\WINMM.dll
0x00007ff9bb0c0000 - 0x00007ff9bb0ca000 	C:\Windows\SYSTEM32\VERSION.dll
0x00007ff9bbd70000 - 0x00007ff9bbd79000 	C:\Windows\SYSTEM32\WSOCK32.dll
0x00007ff9c4910000 - 0x00007ff9c497b000 	C:\Windows\System32\WS2_32.dll
0x00007ff9c00e0000 - 0x00007ff9c00f2000 	C:\Windows\SYSTEM32\kernel.appcore.dll
0x00007ff9b81d0000 - 0x00007ff9b81e0000 	C:\Program Files\Zulu\zulu-11\bin\verify.dll
0x00007ff9ac0b0000 - 0x00007ff9ac294000 	C:\Windows\SYSTEM32\DBGHELP.DLL
0x00007ff9abf40000 - 0x00007ff9abf74000 	C:\Windows\SYSTEM32\dbgcore.DLL
0x00007ff9c23c0000 - 0x00007ff9c2442000 	C:\Windows\System32\bcryptPrimitives.dll
0x00007ff9b3190000 - 0x00007ff9b31b8000 	C:\Program Files\Zulu\zulu-11\bin\java.dll
0x00007ff9b8110000 - 0x00007ff9b811a000 	C:\Program Files\Zulu\zulu-11\bin\jimage.dll
0x00007ff9b3170000 - 0x00007ff9b3188000 	C:\Program Files\Zulu\zulu-11\bin\zip.dll

dbghelp: loaded successfully - version: 4.0.5 - missing functions: none
symbol engine: initialized successfully - sym options: 0x614 - pdb path: .;C:\Program Files\Zulu\zulu-11\bin;C:\Windows\SYSTEM32;C:\Windows\WinSxS\amd64_microsoft.windows.common-controls_6595b64144ccf1df_6.0.19041.1110_none_60b5254171f9507e;C:\Program Files\Zulu\zulu-11\bin\server

VM Arguments:
jvm_args: -Xverify:none -XX:TieredStopAtLevel=1 
java_command: com.example.catalogservice.CatalogServiceApplication
java_class_path (initial): D:\MSAgit\MSA-\Section12\catalog-service\target\classes;C:\Users\admin\.m2\repository\org\springframework\spring-aop\5.3.28\spring-aop-5.3.28.jar;C:\Users\admin\.m2\repository\org\aspectj\aspectjweaver\1.9.7\aspectjweaver-1.9.7.jar;C:\Users\admin\.m2\repository\com\zaxxer\HikariCP\4.0.3\HikariCP-4.0.3.jar;C:\Users\admin\.m2\repository\org\springframework\spring-jdbc\5.3.28\spring-jdbc-5.3.28.jar;C:\Users\admin\.m2\repository\jakarta\transaction\jakarta.transaction-api\1.3.3\jakarta.transaction-api-1.3.3.jar;C:\Users\admin\.m2\repository\jakarta\persistence\jakarta.persistence-api\2.2.3\jakarta.persistence-api-2.2.3.jar;C:\Users\admin\.m2\repository\org\hibernate\hibernate-core\5.6.15.Final\hibernate-core-5.6.15.Final.jar;C:\Users\admin\.m2\repository\org\jboss\logging\jboss-logging\3.4.3.Final\jboss-logging-3.4.3.Final.jar;C:\Users\admin\.m2\repository\net\bytebuddy\byte-buddy\1.12.23\byte-buddy-1.12.23.jar;C:\Users\admin\.m2\repository\antlr\antlr\2.7.7\antlr-2.7.7.jar;C:\Users\admin\.m2\repository\org\jboss\jandex\2.4.2.Final\jandex-2.4.2.Final.jar;C:\Users\admin\.m2\repository\com\fasterxml\classmate\1.5.1\classmate-1.5.1.jar;C:\Users\admin\.m2\repository\org\hibernate\common\hibernate-commons-annotations\5.1.2.Final\hibernate-commons-annotations-5.1.2.Final.jar;C:\Users\admin\.m2\repository\org\glassfish\jaxb\jaxb-runtime\2.3.8\jaxb-runtime-2.3.8.jar;C:\Users\admin\.m2\repository\org\glassfish\jaxb\txw2\2.3.8\txw2-2.3.8.jar;C:\Users\admin\.m2\repository\com\sun\istack\istack-commons-runtime\3.0.12\istack-commons-runtime-3.0.12.jar;C:\Users\admin\.m2\repository\com\sun\activation\jakarta.activation\1.2.2\jakarta.activation-1.2.2.jar;C:\Users\admin\.m2\repository\org\springframework\data\spring-data-jpa\2.7.13\spring-data-jpa-2.7.13.jar;C:\Users\admin\.m2\repository\org\springframework\data\spring-data-commons\2.7.13\spring-data-commons-2.7.13.jar;C:\Users\admin\.m2\repository\org\springframework\spring-orm\5.3.28\spring-orm-5.3.28.jar
Launcher Type: SUN_STANDARD

[Global flags]
     bool BytecodeVerificationLocal                = false                                     {product} {command line}
     bool BytecodeVerificationRemote               = false                                     {product} {command line}
     intx CICompilerCount                          = 4                                         {product} {ergonomic}
     uint ConcGCThreads                            = 3                                         {product} {ergonomic}
     uint G1ConcRefinementThreads                  = 10                                        {product} {ergonomic}
   size_t G1HeapRegionSize                         = 2097152                                   {product} {ergonomic}
    uintx GCDrainStackTargetSize                   = 64                                        {product} {ergonomic}
   size_t InitialHeapSize                          = 536870912                                 {product} {ergonomic}
   size_t MarkStackSize                            = 4194304                                   {product} {ergonomic}
   size_t MaxHeapSize                              = 8571060224                                {product} {ergonomic}
   size_t MinHeapDeltaBytes                        = 2097152                                   {product} {ergonomic}
    uintx NonNMethodCodeHeapSize                   = 7549744                                {pd product} {ergonomic}
    uintx NonProfiledCodeHeapSize                  = 244108496                              {pd product} {ergonomic}
    uintx ProfiledCodeHeapSize                     = 0                                      {pd product} {ergonomic}
    uintx ReservedCodeCacheSize                    = 251658240                              {pd product} {ergonomic}
     bool SegmentedCodeCache                       = true                                      {product} {ergonomic}
     intx TieredStopAtLevel                        = 1                                         {product} {command line}
     bool UseCompressedClassPointers               = true                                 {lp64_product} {ergonomic}
     bool UseCompressedOops                        = true                                 {lp64_product} {ergonomic}
     bool UseG1GC                                  = true                                      {product} {ergonomic}
     bool UseLargePagesIndividualAllocation        = false                                  {pd product} {ergonomic}

Logging:
Log output configuration:
 #0: stdout all=warning uptime,level,tags
 #1: stderr all=off uptime,level,tags

Environment Variables:
JAVA_HOME=C:\Program Files\Zulu\zulu-11
CLASSPATH=C:\Program Files\Zulu\zulu-11\lib
PATH=C:\Program Files\Zulu\zulu-11\bin\;C:\Program Files\Zulu\zulu-17\bin\;C:\Program Files (x86)\Razer Chroma SDK\bin;C:\Program Files\Razer Chroma SDK\bin;C:\Program Files (x86)\Razer\ChromaBroadcast\bin;C:\Program Files\Razer\ChromaBroadcast\bin;C:\Program Files\Java\jdk-17.0.2\bin;C:\Program Files\NVIDIA GPU Computing Toolkit\CUDA\v11.0\bin;C:\Program Files\NVIDIA GPU Computing Toolkit\CUDA\v11.0\libnvvp;C:\Program Files\Zulu\zulu-11\bin;C:\Windows\system32;C:\Windows;C:\Windows\System32\Wbem;C:\Windows\System32\WindowsPowerShell\v1.0\;C:\Windows\System32\OpenSSH\;C:\Program Files (x86)\NVIDIA Corporation\PhysX\Common;C:\Program Files\NVIDIA Corporation\Nsight Compute 2020.1.1\;C:\Program Files\Git\cmd;C:\Windows\system32\config\systemprofile\AppData\Local\Microsoft\WindowsApps;C:\Program Files\MySQL\MySQL Shell 8.0\bin\;C:\Users\admin\AppData\Local\Programs\Python\Python39\Scripts\;C:\Users\admin\AppData\Local\Programs\Python\Python39\;C:\Users\admin\AppData\Local\Microsoft\WindowsApps;C:\Program Files\Bandizip\;C:\Users\admin\AppData\Local\Programs\Microsoft VS Code\bin;C:\Program Files\JetBrains\IntelliJ IDEA Community Edition 2021.3.3\bin;C:\Users\admin\AppData\Roaming\npm;C:\Program Files\nodejs\;D:\maven\apache-maven-3.9.2\bin;C:\Program Files\dotnet\;C:\Program Files\MySQL\MySQL Shell 8.0\bin\;C:\Program Files\Zulu\zulu-11\bin;C:\Users\admin\AppData\Local\Programs\Python\Python39\Scripts\;C:\Users\admin\AppData\Local\Programs\Python\Python39\;C:\Users\admin\AppData\Local\Microsoft\WindowsApps;C:\Program Files\Bandizip\;C:\Users\admin\AppData\Local\Programs\Microsoft VS Code\bin;C:\Program Files\JetBrains\IntelliJ IDEA Community Edition 2021.3.3\bin;;C:\Users\admin\AppData\Roaming\npm;D:\IntelijUlti\IntelliJ IDEA 2022.3.2\bin;;D:\Pycharm\PyCharm 2022.3.2\bin;;C:\Program Files\ffmg\ffmpeg-2023-03-05-git-912ac82a3c-essentials_build\bin;C:\Program Files\Erlang OTP;C:\Program Files\RabbitMQ Server\rabbitmq_server-3.12.1\sbin;D:\Maria\bin;
USERNAME=admin
OS=Windows_NT
PROCESSOR_IDENTIFIER=AMD64 Family 25 Model 33 Stepping 0, AuthenticAMD
TMP=C:\Users\admin\AppData\Local\Temp
TEMP=C:\Users\admin\AppData\Local\Temp



---------------  S Y S T E M  ---------------

OS: Windows 10 , 64 bit Build 19041 (10.0.19041.3155)
OS uptime: 1 days 12:47 hours
Hyper-V role detected

CPU:total 12 (initial active 12) (12 cores per cpu, 2 threads per core) family 25 model 33 stepping 0 microcode 0x0, cmov, cx8, fxsr, mmx, sse, sse2, sse3, ssse3, sse4.1, sse4.2, popcnt, avx, avx2, aes, clmul, erms, mmxext, 3dnowpref, lzcnt, sse4a, ht, tsc, tscinvbit, tscinv, bmi1, bmi2, adx, sha, fma

Memory: 4k page, system-wide physical 32694M (13220M free)
TotalPageFile size 32694M (AvailPageFile size 5M)
current process WorkingSet (physical memory assigned to process): 11M, peak: 11M
current process commit charge ("private bytes"): 582M, peak: 582M

vm_info: OpenJDK 64-Bit Server VM (11.0.18+10-LTS) for windows-amd64 JRE (Zulu11.62+17-CA) (11.0.18+10-LTS), built on Jan  4 2023 15:02:54 by "zulu_re" with MS VC++ 15.9 (VS2017)

END.
